
*** Running xst
    with args -ifn "mojo_top_0.xst" -ofn "mojo_top_0.srp" -intstyle ise

Reading design: mojo_top_0.prj

=========================================================================
*                          HDL Parsing                                  *
=========================================================================
Analyzing Verilog file "D:/mojo/FSMAdder2/work/planAhead/FSMAdder/FSMAdder.srcs/sources_1/imports/verilog/pipeline_8.v" into library work
Parsing module <pipeline_8>.
Analyzing Verilog file "D:/mojo/FSMAdder2/work/planAhead/FSMAdder/FSMAdder.srcs/sources_1/imports/verilog/reset_conditioner_7.v" into library work
Parsing module <reset_conditioner_7>.
Analyzing Verilog file "D:/mojo/FSMAdder2/work/planAhead/FSMAdder/FSMAdder.srcs/sources_1/imports/verilog/edge_detector_1.v" into library work
Parsing module <edge_detector_1>.
Analyzing Verilog file "D:/mojo/FSMAdder2/work/planAhead/FSMAdder/FSMAdder.srcs/sources_1/imports/verilog/button_conditioner_2.v" into library work
Parsing module <button_conditioner_2>.
Analyzing Verilog file "D:/mojo/FSMAdder2/work/planAhead/FSMAdder/FSMAdder.srcs/sources_1/imports/verilog/mojo_top_0.v" into library work
Parsing module <mojo_top_0>.

=========================================================================
*                            HDL Elaboration                            *
=========================================================================

Elaborating module <mojo_top_0>.

Elaborating module <edge_detector_1>.

Elaborating module <button_conditioner_2>.

Elaborating module <pipeline_8>.
WARNING:HDLCompiler:1127 - "D:/mojo/FSMAdder2/work/planAhead/FSMAdder/FSMAdder.srcs/sources_1/imports/verilog/mojo_top_0.v" Line 69: Assignment to M_edge_detector3_out ignored, since the identifier is never used

Elaborating module <reset_conditioner_7>.
WARNING:Xst:2972 - "D:/mojo/FSMAdder2/work/planAhead/FSMAdder/FSMAdder.srcs/sources_1/imports/verilog/mojo_top_0.v" line 66. All outputs of instance <edge_detector3> of block <edge_detector_1> are unconnected in block <mojo_top_0>. Underlying logic will be removed.
WARNING:Xst:2972 - "D:/mojo/FSMAdder2/work/planAhead/FSMAdder/FSMAdder.srcs/sources_1/imports/verilog/mojo_top_0.v" line 73. All outputs of instance <button_cond3> of block <button_conditioner_2> are unconnected in block <mojo_top_0>. Underlying logic will be removed.

=========================================================================
*                           HDL Synthesis                               *
=========================================================================

Synthesizing Unit <mojo_top_0>.
    Related source file is "D:/mojo/FSMAdder2/work/planAhead/FSMAdder/FSMAdder.srcs/sources_1/imports/verilog/mojo_top_0.v".
WARNING:Xst:647 - Input <io_button<4:3>> is never used. This port will be preserved and left unconnected if it belongs to a top-level block or it belongs to a sub-block and the hierarchy of this sub-block is preserved.
WARNING:Xst:647 - Input <io_dip<23:3>> is never used. This port will be preserved and left unconnected if it belongs to a top-level block or it belongs to a sub-block and the hierarchy of this sub-block is preserved.
WARNING:Xst:647 - Input <cclk> is never used. This port will be preserved and left unconnected if it belongs to a top-level block or it belongs to a sub-block and the hierarchy of this sub-block is preserved.
WARNING:Xst:647 - Input <spi_ss> is never used. This port will be preserved and left unconnected if it belongs to a top-level block or it belongs to a sub-block and the hierarchy of this sub-block is preserved.
WARNING:Xst:647 - Input <spi_mosi> is never used. This port will be preserved and left unconnected if it belongs to a top-level block or it belongs to a sub-block and the hierarchy of this sub-block is preserved.
WARNING:Xst:647 - Input <spi_sck> is never used. This port will be preserved and left unconnected if it belongs to a top-level block or it belongs to a sub-block and the hierarchy of this sub-block is preserved.
WARNING:Xst:647 - Input <avr_tx> is never used. This port will be preserved and left unconnected if it belongs to a top-level block or it belongs to a sub-block and the hierarchy of this sub-block is preserved.
WARNING:Xst:647 - Input <avr_rx_busy> is never used. This port will be preserved and left unconnected if it belongs to a top-level block or it belongs to a sub-block and the hierarchy of this sub-block is preserved.
INFO:Xst:3210 - "D:/mojo/FSMAdder2/work/planAhead/FSMAdder/FSMAdder.srcs/sources_1/imports/verilog/mojo_top_0.v" line 66: Output port <out> of the instance <edge_detector3> is unconnected or connected to loadless signal.
    Found 4-bit register for signal <M_state_q>.
    Found 28-bit register for signal <M_clock_q>.
    Found finite state machine <FSM_0> for signal <M_state_q>.
    -----------------------------------------------------------------------
    | States             | 12                                             |
    | Transitions        | 50                                             |
    | Inputs             | 7                                              |
    | Outputs            | 4                                              |
    | Clock              | clk (rising_edge)                              |
    | Reset              | M_reset_cond_out (positive)                    |
    | Reset type         | synchronous                                    |
    | Reset State        | 0000                                           |
    | Power Up State     | 0000                                           |
    | Encoding           | auto                                           |
    | Implementation     | LUT                                            |
    -----------------------------------------------------------------------
    Found 28-bit adder for signal <M_clock_q[27]_GND_1_o_add_63_OUT> created at line 280.
    Found 2-bit adder for signal <n0141> created at line 284.
    Found 2-bit adder for signal <BUS_0010_GND_1_o_add_67_OUT> created at line 284.
    Found 2-bit adder for signal <GND_1_o_cout_add_68_OUT> created at line 284.
    Found 24-bit 13-to-1 multiplexer for signal <io_led> created at line 121.
    Found 1-bit tristate buffer for signal <spi_miso> created at line 101
    Found 1-bit tristate buffer for signal <spi_channel<3>> created at line 101
    Found 1-bit tristate buffer for signal <spi_channel<2>> created at line 101
    Found 1-bit tristate buffer for signal <spi_channel<1>> created at line 101
    Found 1-bit tristate buffer for signal <spi_channel<0>> created at line 101
    Found 1-bit tristate buffer for signal <avr_rx> created at line 101
    Found 2-bit comparator equal for signal <BUS_0010_GND_1_o_equal_70_o> created at line 284
    Summary:
	inferred   4 Adder/Subtractor(s).
	inferred  28 D-type flip-flop(s).
	inferred   1 Comparator(s).
	inferred  22 Multiplexer(s).
	inferred   6 Tristate(s).
	inferred   1 Finite State Machine(s).
Unit <mojo_top_0> synthesized.

Synthesizing Unit <edge_detector_1>.
    Related source file is "D:/mojo/FSMAdder2/work/planAhead/FSMAdder/FSMAdder.srcs/sources_1/imports/verilog/edge_detector_1.v".
    Found 1-bit register for signal <M_last_q>.
    Summary:
	inferred   1 D-type flip-flop(s).
Unit <edge_detector_1> synthesized.

Synthesizing Unit <button_conditioner_2>.
    Related source file is "D:/mojo/FSMAdder2/work/planAhead/FSMAdder/FSMAdder.srcs/sources_1/imports/verilog/button_conditioner_2.v".
    Found 20-bit register for signal <M_ctr_q>.
    Found 20-bit adder for signal <M_ctr_q[19]_GND_3_o_add_2_OUT> created at line 39.
    Summary:
	inferred   1 Adder/Subtractor(s).
	inferred  20 D-type flip-flop(s).
Unit <button_conditioner_2> synthesized.

Synthesizing Unit <pipeline_8>.
    Related source file is "D:/mojo/FSMAdder2/work/planAhead/FSMAdder/FSMAdder.srcs/sources_1/imports/verilog/pipeline_8.v".
    Found 2-bit register for signal <M_pipe_q>.
    Summary:
	inferred   2 D-type flip-flop(s).
Unit <pipeline_8> synthesized.

Synthesizing Unit <reset_conditioner_7>.
    Related source file is "D:/mojo/FSMAdder2/work/planAhead/FSMAdder/FSMAdder.srcs/sources_1/imports/verilog/reset_conditioner_7.v".
    Found 4-bit register for signal <M_stage_q>.
    Summary:
	inferred   4 D-type flip-flop(s).
Unit <reset_conditioner_7> synthesized.

=========================================================================
HDL Synthesis Report

Macro Statistics
# Adders/Subtractors                                   : 6
 2-bit adder                                           : 3
 20-bit adder                                          : 2
 28-bit adder                                          : 1
# Registers                                            : 8
 1-bit register                                        : 2
 2-bit register                                        : 2
 20-bit register                                       : 2
 28-bit register                                       : 1
 4-bit register                                        : 1
# Comparators                                          : 1
 2-bit comparator equal                                : 1
# Multiplexers                                         : 22
 1-bit 2-to-1 multiplexer                              : 10
 24-bit 13-to-1 multiplexer                            : 1
 24-bit 2-to-1 multiplexer                             : 2
 28-bit 2-to-1 multiplexer                             : 9
# Tristates                                            : 6
 1-bit tristate buffer                                 : 6
# FSMs                                                 : 1

=========================================================================

=========================================================================
*                       Advanced HDL Synthesis                          *
=========================================================================


Synthesizing (advanced) Unit <button_conditioner_2>.
The following registers are absorbed into counter <M_ctr_q>: 1 register on signal <M_ctr_q>.
Unit <button_conditioner_2> synthesized (advanced).

=========================================================================
Advanced HDL Synthesis Report

Macro Statistics
# Adders/Subtractors                                   : 3
 2-bit adder                                           : 1
 2-bit adder carry in                                  : 1
 28-bit adder                                          : 1
# Counters                                             : 2
 20-bit up counter                                     : 2
# Registers                                            : 38
 Flip-Flops                                            : 38
# Comparators                                          : 1
 2-bit comparator equal                                : 1
# Multiplexers                                         : 22
 1-bit 2-to-1 multiplexer                              : 10
 24-bit 13-to-1 multiplexer                            : 1
 24-bit 2-to-1 multiplexer                             : 2
 28-bit 2-to-1 multiplexer                             : 9
# FSMs                                                 : 1

=========================================================================

=========================================================================
*                         Low Level Synthesis                           *
=========================================================================
Analyzing FSM <MFsm> for best encoding.
Optimizing FSM <FSM_0> on signal <M_state_q[1:4]> with user encoding.
-------------------
 State | Encoding
-------------------
 0000  | 0000
 0001  | 0001
 1011  | 1011
 1001  | 1001
 0010  | 0010
 0011  | 0011
 0100  | 0100
 0101  | 0101
 0110  | 0110
 0111  | 0111
 1000  | 1000
 1010  | 1010
-------------------

Optimizing unit <mojo_top_0> ...

Mapping all equations...
Building and optimizing final netlist ...
Found area constraint ratio of 100 (+ 0) on block mojo_top_0, actual ratio is 3.
FlipFlop M_state_q_FSM_FFd2 has been replicated 1 time(s)
FlipFlop M_state_q_FSM_FFd3 has been replicated 1 time(s)

Final Macro Processing ...

Processing Unit <mojo_top_0> :
	Found 2-bit shift register for signal <button_cond/sync/M_pipe_q_1>.
	Found 2-bit shift register for signal <button_cond2/sync/M_pipe_q_1>.
INFO:Xst:741 - HDL ADVISOR - A 4-bit shift register was found for signal <reset_cond/M_stage_q_3> and currently occupies 4 logic cells (2 slices). Removing the set/reset logic would take advantage of SRL32 (and derived) primitives and reduce this to 1 logic cells (1 slices). Evaluate if the set/reset can be removed for this simple shift register. The majority of simple pipeline structures do not need to be set/reset operationally.
Unit <mojo_top_0> processed.

=========================================================================
Final Register Report

Macro Statistics
# Registers                                            : 80
 Flip-Flops                                            : 80
# Shift Registers                                      : 2
 2-bit shift register                                  : 2

=========================================================================

=========================================================================
*                           Partition Report                            *
=========================================================================

Partition Implementation Status
-------------------------------

  No Partitions were found in this design.

-------------------------------

=========================================================================
*                            Design Summary                             *
=========================================================================

Clock Information:
------------------
-----------------------------------+------------------------+-------+
Clock Signal                       | Clock buffer(FF name)  | Load  |
-----------------------------------+------------------------+-------+
clk                                | BUFGP                  | 84    |
-----------------------------------+------------------------+-------+

Asynchronous Control Signals Information:
----------------------------------------
No asynchronous control signals found in this design

Timing Summary:
---------------
Speed Grade: -2

   Minimum period: 4.789ns (Maximum Frequency: 208.812MHz)
   Minimum input arrival time before clock: 6.475ns
   Maximum output required time after clock: 8.947ns
   Maximum combinational path delay: 8.795ns

=========================================================================
